[01m[K/home/sebastianchu/code/ros2_tutorial/ros2_ws_tutorial/src/cpp_parameters/src/cpp_parameters_node.cpp:[m[K In constructor â€˜[01m[KMinimalParam::MinimalParam()[m[Kâ€™:
[01m[K/home/sebastianchu/code/ros2_tutorial/ros2_ws_tutorial/src/cpp_parameters/src/cpp_parameters_node.cpp:44:40:[m[K [01;31m[Kerror: [m[Kâ€˜[01m[Ktimer_callback[m[Kâ€™ is not a member of â€˜[01m[KMinimalParam[m[Kâ€™
   44 |       1000ms, std::bind(&MinimalParam::[01;31m[Ktimer_callback[m[K, this));
      |                                        [01;31m[K^~~~~~~~~~~~~~[m[K
gmake[2]: *** [CMakeFiles/minimal_param_node.dir/build.make:76: CMakeFiles/minimal_param_node.dir/src/cpp_parameters_node.cpp.o] Error 1
gmake[1]: *** [CMakeFiles/Makefile2:137: CMakeFiles/minimal_param_node.dir/all] Error 2
gmake: *** [Makefile:146: all] Error 2
