[0.007s] Invoking command in '/home/sebastianchu/code/ros2_tutorial/ros2_ws_tutorial/build/cpp_parameters': CMAKE_PREFIX_PATH=${CMAKE_PREFIX_PATH}:/home/sebastianchu/ros2_ws/install/serial_comm:/home/sebastianchu/ros2_ws/install/send_target_joint_degrees:/home/sebastianchu/ros2_ws/install/karura_arm_description:/opt/ros/humble /usr/bin/cmake --build /home/sebastianchu/code/ros2_tutorial/ros2_ws_tutorial/build/cpp_parameters -- -j8 -l8
[0.032s] [35m[1mConsolidate compiler generated dependencies of target minimal_param_node[0m
[0.044s] [ 50%] [32mBuilding CXX object CMakeFiles/minimal_param_node.dir/src/cpp_parameters_node.cpp.o[0m
[1.628s] [01m[K/home/sebastianchu/code/ros2_tutorial/ros2_ws_tutorial/src/cpp_parameters/src/cpp_parameters_node.cpp:[m[K In constructor â€˜[01m[KMinimalParam::MinimalParam()[m[Kâ€™:
[1.628s] [01m[K/home/sebastianchu/code/ros2_tutorial/ros2_ws_tutorial/src/cpp_parameters/src/cpp_parameters_node.cpp:33:40:[m[K [01;31m[Kerror: [m[Kâ€˜[01m[Ktimer_callback[m[Kâ€™ is not a member of â€˜[01m[KMinimalParam[m[Kâ€™
[1.628s]    33 |       1000ms, std::bind(&MinimalParam::[01;31m[Ktimer_callback[m[K, this));
[1.629s]       |                                        [01;31m[K^~~~~~~~~~~~~~[m[K
[1.629s] [01m[K/home/sebastianchu/code/ros2_tutorial/ros2_ws_tutorial/src/cpp_parameters/src/cpp_parameters_node.cpp:[m[K In function â€˜[01m[Kvoid timer_callback()[m[Kâ€™:
[1.629s] [01m[K/home/sebastianchu/code/ros2_tutorial/ros2_ws_tutorial/src/cpp_parameters/src/cpp_parameters_node.cpp:43:28:[m[K [01;31m[Kerror: [m[Kinvalid use of â€˜[01m[Kthis[m[Kâ€™ in non-member function
[1.629s]    43 |     std::string my_param = [01;31m[Kthis[m[K->get_parameter("my_parameter").as_string(); //gets node param and stores it in my_param
[1.629s]       |                            [01;31m[K^~~~[m[K
[1.629s] In file included from [01m[K/opt/ros/humble/include/rclcpp/rclcpp/client.hpp:40[m[K,
[1.629s]                  from [01m[K/opt/ros/humble/include/rclcpp/rclcpp/callback_group.hpp:24[m[K,
[1.629s]                  from [01m[K/opt/ros/humble/include/rclcpp/rclcpp/any_executable.hpp:20[m[K,
[1.629s]                  from [01m[K/opt/ros/humble/include/rclcpp/rclcpp/memory_strategy.hpp:25[m[K,
[1.629s]                  from [01m[K/opt/ros/humble/include/rclcpp/rclcpp/memory_strategies.hpp:18[m[K,
[1.629s]                  from [01m[K/opt/ros/humble/include/rclcpp/rclcpp/executor_options.hpp:20[m[K,
[1.629s]                  from [01m[K/opt/ros/humble/include/rclcpp/rclcpp/executor.hpp:37[m[K,
[1.629s]                  from [01m[K/opt/ros/humble/include/rclcpp/rclcpp/executors/multi_threaded_executor.hpp:25[m[K,
[1.629s]                  from [01m[K/opt/ros/humble/include/rclcpp/rclcpp/executors.hpp:21[m[K,
[1.629s]                  from [01m[K/opt/ros/humble/include/rclcpp/rclcpp/rclcpp.hpp:155[m[K,
[1.629s]                  from [01m[K/home/sebastianchu/code/ros2_tutorial/ros2_ws_tutorial/src/cpp_parameters/src/cpp_parameters_node.cpp:5[m[K:
[1.629s] [01m[K/home/sebastianchu/code/ros2_tutorial/ros2_ws_tutorial/src/cpp_parameters/src/cpp_parameters_node.cpp:45:17:[m[K [01;31m[Kerror: [m[Kinvalid use of â€˜[01m[Kthis[m[Kâ€™ in non-member function
[1.629s]    45 |     RCLCPP_INFO([01;31m[Kthis[m[K->get_logger(), "Hello %s!", my_param.c_str()); // confirms logged my_param
[1.629s]       |                 [01;31m[K^~~~[m[K
[1.629s] [01m[K/home/sebastianchu/code/ros2_tutorial/ros2_ws_tutorial/src/cpp_parameters/src/cpp_parameters_node.cpp:45:17:[m[K [01;31m[Kerror: [m[Kinvalid use of â€˜[01m[Kthis[m[Kâ€™ in non-member function
[1.629s] [01m[K/home/sebastianchu/code/ros2_tutorial/ros2_ws_tutorial/src/cpp_parameters/src/cpp_parameters_node.cpp:45:5:[m[K [01;31m[Kerror: [m[Ktemplate argument 1 is invalid
[1.629s]    45 |     [01;31m[KRCLCPP_INFO[m[K(this->get_logger(), "Hello %s!", my_param.c_str()); // confirms logged my_param
[1.629s]       |     [01;31m[K^~~~~~~~~~~[m[K
[1.629s] [01m[K/home/sebastianchu/code/ros2_tutorial/ros2_ws_tutorial/src/cpp_parameters/src/cpp_parameters_node.cpp:45:5:[m[K [01;31m[Kerror: [m[Ktemplate argument 1 is invalid
[1.629s]    45 |     [01;31m[KRCLCPP_INFO[m[K(this->get_logger(), "Hello %s!", my_param.c_str()); // confirms logged my_param
[1.630s]       |     [01;31m[K^~~~~~~~~~~[m[K
[1.630s] [01m[K/home/sebastianchu/code/ros2_tutorial/ros2_ws_tutorial/src/cpp_parameters/src/cpp_parameters_node.cpp:45:5:[m[K [01;31m[Kerror: [m[Ktemplate argument 1 is invalid
[1.630s]    45 |     [01;31m[KRCLCPP_INFO[m[K(this->get_logger(), "Hello %s!", my_param.c_str()); // confirms logged my_param
[1.630s]       |     [01;31m[K^~~~~~~~~~~[m[K
[1.630s] In file included from [01m[K/opt/ros/humble/include/rclcpp/rclcpp/logging.hpp:24[m[K,
[1.630s]                  from [01m[K/opt/ros/humble/include/rclcpp/rclcpp/client.hpp:40[m[K,
[1.630s]                  from [01m[K/opt/ros/humble/include/rclcpp/rclcpp/callback_group.hpp:24[m[K,
[1.630s]                  from [01m[K/opt/ros/humble/include/rclcpp/rclcpp/any_executable.hpp:20[m[K,
[1.630s]                  from [01m[K/opt/ros/humble/include/rclcpp/rclcpp/memory_strategy.hpp:25[m[K,
[1.630s]                  from [01m[K/opt/ros/humble/include/rclcpp/rclcpp/memory_strategies.hpp:18[m[K,
[1.630s]                  from [01m[K/opt/ros/humble/include/rclcpp/rclcpp/executor_options.hpp:20[m[K,
[1.630s]                  from [01m[K/opt/ros/humble/include/rclcpp/rclcpp/executor.hpp:37[m[K,
[1.630s]                  from [01m[K/opt/ros/humble/include/rclcpp/rclcpp/executors/multi_threaded_executor.hpp:25[m[K,
[1.630s]                  from [01m[K/opt/ros/humble/include/rclcpp/rclcpp/executors.hpp:21[m[K,
[1.630s]                  from [01m[K/opt/ros/humble/include/rclcpp/rclcpp/rclcpp.hpp:155[m[K,
[1.630s]                  from [01m[K/home/sebastianchu/code/ros2_tutorial/ros2_ws_tutorial/src/cpp_parameters/src/cpp_parameters_node.cpp:5[m[K:
[1.630s] [01m[K/home/sebastianchu/code/ros2_tutorial/ros2_ws_tutorial/src/cpp_parameters/src/cpp_parameters_node.cpp:45:17:[m[K [01;31m[Kerror: [m[Kinvalid use of â€˜[01m[Kthis[m[Kâ€™ in non-member function
[1.630s]    45 |     RCLCPP_INFO([01;31m[Kthis[m[K->get_logger(), "Hello %s!", my_param.c_str()); // confirms logged my_param
[1.630s]       |                 [01;31m[K^~~~[m[K
[1.630s] [01m[K/home/sebastianchu/code/ros2_tutorial/ros2_ws_tutorial/src/cpp_parameters/src/cpp_parameters_node.cpp:45:17:[m[K [01;31m[Kerror: [m[Kinvalid use of â€˜[01m[Kthis[m[Kâ€™ in non-member function
[1.630s]    45 |     RCLCPP_INFO([01;31m[Kthis[m[K->get_logger(), "Hello %s!", my_param.c_str()); // confirms logged my_param
[1.630s]       |                 [01;31m[K^~~~[m[K
[1.630s] [01m[K/home/sebastianchu/code/ros2_tutorial/ros2_ws_tutorial/src/cpp_parameters/src/cpp_parameters_node.cpp:48:5:[m[K [01;31m[Kerror: [m[Kinvalid use of â€˜[01m[Kthis[m[Kâ€™ in non-member function
[1.630s]    48 |     [01;31m[Kthis[m[K->set_parameters(all_new_parameters); //sets my_param to default world (string type)
[1.630s]       |     [01;31m[K^~~~[m[K
[1.946s] gmake[2]: *** [CMakeFiles/minimal_param_node.dir/build.make:76: CMakeFiles/minimal_param_node.dir/src/cpp_parameters_node.cpp.o] Error 1
[1.946s] gmake[1]: *** [CMakeFiles/Makefile2:137: CMakeFiles/minimal_param_node.dir/all] Error 2
[1.946s] gmake: *** [Makefile:146: all] Error 2
[1.948s] Invoked command in '/home/sebastianchu/code/ros2_tutorial/ros2_ws_tutorial/build/cpp_parameters' returned '2': CMAKE_PREFIX_PATH=${CMAKE_PREFIX_PATH}:/home/sebastianchu/ros2_ws/install/serial_comm:/home/sebastianchu/ros2_ws/install/send_target_joint_degrees:/home/sebastianchu/ros2_ws/install/karura_arm_description:/opt/ros/humble /usr/bin/cmake --build /home/sebastianchu/code/ros2_tutorial/ros2_ws_tutorial/build/cpp_parameters -- -j8 -l8
