<?xml version="1.0" encoding="UTF-8"?>
<Site BuildName="(empty)"
	BuildStamp="20250202-2145-Experimental"
	Name="sebastianchu-XPS-13-9310"
	Generator="ctest-3.22.1"
	CompilerName="/usr/bin/c++"
	CompilerVersion="11.4.0"
	OSName="Linux"
	Hostname="sebastianchu-XPS-13-9310"
	OSRelease="5.15.0-131-generic"
	OSVersion="#141-Ubuntu SMP Fri Jan 10 21:18:28 UTC 2025"
	OSPlatform="x86_64"
	Is64Bits="1"
	VendorString="GenuineIntel"
	VendorID="Intel Corporation"
	FamilyID="6"
	ModelID="140"
	ProcessorCacheSize="8192"
	NumberOfLogicalCPU="8"
	NumberOfPhysicalCPU="4"
	TotalVirtualMemory="1931"
	TotalPhysicalMemory="15701"
	LogicalProcessorsPerPhysical="2"
	ProcessorClockFrequency="2400"
	>
	<Testing>
		<StartDateTime>Feb 02 15:45 CST</StartDateTime>
		<StartTestTime>1738532709</StartTestTime>
		<TestList/>
		<EndDateTime>Feb 02 15:45 CST</EndDateTime>
		<EndTestTime>1738532709</EndTestTime>
		<ElapsedMinutes>0</ElapsedMinutes>
	</Testing>
</Site>
