[01m[K/home/sebastianchu/code/ros2_tutorial/ros2_ws_tutorial/src/cpp_parameters/src/cpp_parameters_node.cpp:31:7:[m[K [01;31m[Kerror: [m[Kâ€˜[01m[KMinimalParam::MinimalParam[m[Kâ€™ has the same name as the class in which it is declared
   31 | class [01;31m[KMinimalParam[m[K : public rclcpp::Node
      |       [01;31m[K^~~~~~~~~~~~[m[K
[01m[K/home/sebastianchu/code/ros2_tutorial/ros2_ws_tutorial/src/cpp_parameters/src/cpp_parameters_node.cpp:56:2:[m[K [01;31m[Kerror: [m[Kexpected â€˜[01m[K}[m[Kâ€™ at end of input
   56 | }
      |  [01;31m[K^[m[K
[01m[K/home/sebastianchu/code/ros2_tutorial/ros2_ws_tutorial/src/cpp_parameters/src/cpp_parameters_node.cpp:10:1:[m[K [01;36m[Knote: [m[Kto match this â€˜[01m[K{[m[Kâ€™
   10 | [01;36m[K{[m[K
      | [01;36m[K^[m[K
[01m[K/home/sebastianchu/code/ros2_tutorial/ros2_ws_tutorial/src/cpp_parameters/src/cpp_parameters_node.cpp:[m[K In constructor â€˜[01m[KMinimalParam::MinimalParam()[m[Kâ€™:
[01m[K/home/sebastianchu/code/ros2_tutorial/ros2_ws_tutorial/src/cpp_parameters/src/cpp_parameters_node.cpp:17:5:[m[K [01;31m[Kerror: [m[Kâ€˜[01m[Ktimer_[m[Kâ€™ was not declared in this scope; did you mean â€˜[01m[Ktimer_t[m[Kâ€™?
   17 |     [01;31m[Ktimer_[m[K = this->create_wall_timer(
      |     [01;31m[K^~~~~~[m[K
      |     [32m[Ktimer_t[m[K
[01m[K/home/sebastianchu/code/ros2_tutorial/ros2_ws_tutorial/src/cpp_parameters/src/cpp_parameters_node.cpp:[m[K At global scope:
[01m[K/home/sebastianchu/code/ros2_tutorial/ros2_ws_tutorial/src/cpp_parameters/src/cpp_parameters_node.cpp:56:2:[m[K [01;31m[Kerror: [m[Kexpected unqualified-id at end of input
   56 | }
      |  [01;31m[K^[m[K
gmake[2]: *** [CMakeFiles/minimal_param_node.dir/build.make:76: CMakeFiles/minimal_param_node.dir/src/cpp_parameters_node.cpp.o] Error 1
gmake[1]: *** [CMakeFiles/Makefile2:137: CMakeFiles/minimal_param_node.dir/all] Error 2
gmake: *** [Makefile:146: all] Error 2
