[0.007s] Invoking command in '/home/sebastianchu/code/ros2_tutorial/ros2_ws_tutorial/build/cpp_parameters': CMAKE_PREFIX_PATH=${CMAKE_PREFIX_PATH}:/home/sebastianchu/ros2_ws/install/serial_comm:/home/sebastianchu/ros2_ws/install/send_target_joint_degrees:/home/sebastianchu/ros2_ws/install/karura_arm_description:/opt/ros/humble /usr/bin/cmake --build /home/sebastianchu/code/ros2_tutorial/ros2_ws_tutorial/build/cpp_parameters -- -j8 -l8
[0.034s] [35m[1mConsolidate compiler generated dependencies of target minimal_param_node[0m
[0.046s] [ 50%] [32mBuilding CXX object CMakeFiles/minimal_param_node.dir/src/cpp_parameters_node.cpp.o[0m
[1.626s] [01m[K/home/sebastianchu/code/ros2_tutorial/ros2_ws_tutorial/src/cpp_parameters/src/cpp_parameters_node.cpp:31:7:[m[K [01;31m[Kerror: [m[Kâ€˜[01m[KMinimalParam::MinimalParam[m[Kâ€™ has the same name as the class in which it is declared
[1.626s]    31 | class [01;31m[KMinimalParam[m[K : public rclcpp::Node
[1.626s]       |       [01;31m[K^~~~~~~~~~~~[m[K
[1.626s] [01m[K/home/sebastianchu/code/ros2_tutorial/ros2_ws_tutorial/src/cpp_parameters/src/cpp_parameters_node.cpp:56:2:[m[K [01;31m[Kerror: [m[Kexpected â€˜[01m[K}[m[Kâ€™ at end of input
[1.626s]    56 | }
[1.626s]       |  [01;31m[K^[m[K
[1.626s] [01m[K/home/sebastianchu/code/ros2_tutorial/ros2_ws_tutorial/src/cpp_parameters/src/cpp_parameters_node.cpp:10:1:[m[K [01;36m[Knote: [m[Kto match this â€˜[01m[K{[m[Kâ€™
[1.626s]    10 | [01;36m[K{[m[K
[1.626s]       | [01;36m[K^[m[K
[1.632s] [01m[K/home/sebastianchu/code/ros2_tutorial/ros2_ws_tutorial/src/cpp_parameters/src/cpp_parameters_node.cpp:[m[K In constructor â€˜[01m[KMinimalParam::MinimalParam()[m[Kâ€™:
[1.632s] [01m[K/home/sebastianchu/code/ros2_tutorial/ros2_ws_tutorial/src/cpp_parameters/src/cpp_parameters_node.cpp:17:5:[m[K [01;31m[Kerror: [m[Kâ€˜[01m[Ktimer_[m[Kâ€™ was not declared in this scope; did you mean â€˜[01m[Ktimer_t[m[Kâ€™?
[1.632s]    17 |     [01;31m[Ktimer_[m[K = this->create_wall_timer(
[1.632s]       |     [01;31m[K^~~~~~[m[K
[1.632s]       |     [32m[Ktimer_t[m[K
[1.642s] [01m[K/home/sebastianchu/code/ros2_tutorial/ros2_ws_tutorial/src/cpp_parameters/src/cpp_parameters_node.cpp:[m[K At global scope:
[1.642s] [01m[K/home/sebastianchu/code/ros2_tutorial/ros2_ws_tutorial/src/cpp_parameters/src/cpp_parameters_node.cpp:56:2:[m[K [01;31m[Kerror: [m[Kexpected unqualified-id at end of input
[1.642s]    56 | }
[1.642s]       |  [01;31m[K^[m[K
[1.993s] gmake[2]: *** [CMakeFiles/minimal_param_node.dir/build.make:76: CMakeFiles/minimal_param_node.dir/src/cpp_parameters_node.cpp.o] Error 1
[1.993s] gmake[1]: *** [CMakeFiles/Makefile2:137: CMakeFiles/minimal_param_node.dir/all] Error 2
[1.993s] gmake: *** [Makefile:146: all] Error 2
[1.995s] Invoked command in '/home/sebastianchu/code/ros2_tutorial/ros2_ws_tutorial/build/cpp_parameters' returned '2': CMAKE_PREFIX_PATH=${CMAKE_PREFIX_PATH}:/home/sebastianchu/ros2_ws/install/serial_comm:/home/sebastianchu/ros2_ws/install/send_target_joint_degrees:/home/sebastianchu/ros2_ws/install/karura_arm_description:/opt/ros/humble /usr/bin/cmake --build /home/sebastianchu/code/ros2_tutorial/ros2_ws_tutorial/build/cpp_parameters -- -j8 -l8
